<?xml version="1.0" encoding="UTF-8"?>
<testng-results skipped="4" failed="0" total="4" passed="0">
  <reporter-output>
  </reporter-output>
  <suite name="Suite" duration-ms="74" started-at="2019-12-12T16:10:19Z" finished-at="2019-12-12T16:10:19Z">
    <groups>
    </groups>
    <test name="Test111" duration-ms="74" started-at="2019-12-12T16:10:19Z" finished-at="2019-12-12T16:10:19Z">
      <class name="com.test.Login_test">
        <test-method status="FAIL" signature="setup()[pri:0, instance:com.test.Login_test@16b4a017]" name="setup" is-config="true" duration-ms="0" started-at="2019-12-12T16:10:19Z" finished-at="2019-12-12T16:10:19Z">
          <exception class="java.lang.IllegalStateException">
            <message>
              <![CDATA[The driver executable does not exist: C:\Users\曾燕斌\.\driver\chromedriver.exe]]>
            </message>
            <full-stacktrace>
              <![CDATA[java.lang.IllegalStateException: The driver executable does not exist: C:\Users\曾燕斌\.\driver\chromedriver.exe
	at com.google.common.base.Preconditions.checkState(Preconditions.java:585)
	at org.openqa.selenium.remote.service.DriverService.checkExecutable(DriverService.java:146)
	at org.openqa.selenium.remote.service.DriverService.findExecutable(DriverService.java:141)
	at org.openqa.selenium.chrome.ChromeDriverService.access$000(ChromeDriverService.java:35)
	at org.openqa.selenium.chrome.ChromeDriverService$Builder.findDefaultExecutable(ChromeDriverService.java:159)
	at org.openqa.selenium.remote.service.DriverService$Builder.build(DriverService.java:355)
	at org.openqa.selenium.chrome.ChromeDriverService.createDefaultService(ChromeDriverService.java:94)
	at org.openqa.selenium.chrome.ChromeDriver.<init>(ChromeDriver.java:123)
	at com.util.Login_util.setup(Login_util.java:14)
	at sun.reflect.NativeMethodAccessorImpl.invoke0(Native Method)
	at sun.reflect.NativeMethodAccessorImpl.invoke(NativeMethodAccessorImpl.java:62)
	at sun.reflect.DelegatingMethodAccessorImpl.invoke(DelegatingMethodAccessorImpl.java:43)
	at java.lang.reflect.Method.invoke(Method.java:498)
	at org.testng.internal.MethodInvocationHelper.invokeMethod(MethodInvocationHelper.java:80)
	at org.testng.internal.Invoker.invokeConfigurationMethod(Invoker.java:551)
	at org.testng.internal.Invoker.invokeConfigurations(Invoker.java:213)
	at org.testng.internal.Invoker.invokeConfigurations(Invoker.java:138)
	at org.testng.internal.TestMethodWorker.invokeBeforeClassMethods(TestMethodWorker.java:175)
	at org.testng.internal.TestMethodWorker.run(TestMethodWorker.java:107)
	at org.testng.TestRunner.privateRun(TestRunner.java:768)
	at org.testng.TestRunner.run(TestRunner.java:617)
	at org.testng.SuiteRunner.runTest(SuiteRunner.java:334)
	at org.testng.SuiteRunner.runSequentially(SuiteRunner.java:329)
	at org.testng.SuiteRunner.privateRun(SuiteRunner.java:291)
	at org.testng.SuiteRunner.run(SuiteRunner.java:240)
	at org.testng.SuiteRunnerWorker.runSuite(SuiteRunnerWorker.java:53)
	at org.testng.SuiteRunnerWorker.run(SuiteRunnerWorker.java:87)
	at org.testng.TestNG.runSuitesSequentially(TestNG.java:1188)
	at org.testng.TestNG.runSuitesLocally(TestNG.java:1113)
	at org.testng.TestNG.run(TestNG.java:1025)
	at org.testng.TestNG.privateMain(TestNG.java:1328)
	at org.testng.TestNG.main(TestNG.java:1297)
]]>
            </full-stacktrace>
          </exception> <!-- java.lang.IllegalStateException -->
        </test-method> <!-- setup -->
        <test-method status="SKIP" signature="login_test()[pri:0, instance:com.test.Login_test@16b4a017]" name="login_test" duration-ms="0" started-at="2019-12-12T16:10:19Z" finished-at="2019-12-12T16:10:19Z">
        </test-method> <!-- login_test -->
        <test-method status="SKIP" signature="teardowm()[pri:0, instance:com.test.Login_test@16b4a017]" name="teardowm" is-config="true" duration-ms="0" started-at="2019-12-12T16:10:19Z" finished-at="2019-12-12T16:10:19Z">
        </test-method> <!-- teardowm -->
      </class> <!-- com.test.Login_test -->
      <class name="com.test.Cunkuan_test">
        <test-method status="SKIP" signature="cunkuanTest()[pri:0, instance:com.test.Cunkuan_test@6d1e7682]" name="cunkuanTest" duration-ms="0" started-at="2019-12-12T16:10:19Z" finished-at="2019-12-12T16:10:19Z">
        </test-method> <!-- cunkuanTest -->
        <test-method status="SKIP" signature="teardowm()[pri:0, instance:com.test.Cunkuan_test@6d1e7682]" name="teardowm" is-config="true" duration-ms="0" started-at="2019-12-12T16:10:19Z" finished-at="2019-12-12T16:10:19Z">
        </test-method> <!-- teardowm -->
        <test-method status="SKIP" signature="setup()[pri:0, instance:com.test.Cunkuan_test@6d1e7682]" name="setup" is-config="true" duration-ms="0" started-at="2019-12-12T16:10:19Z" finished-at="2019-12-12T16:10:19Z">
        </test-method> <!-- setup -->
      </class> <!-- com.test.Cunkuan_test -->
      <class name="com.test.Qukuan_test">
        <test-method status="SKIP" signature="setup()[pri:0, instance:com.test.Qukuan_test@3c679bde]" name="setup" is-config="true" duration-ms="0" started-at="2019-12-12T16:10:19Z" finished-at="2019-12-12T16:10:19Z">
        </test-method> <!-- setup -->
        <test-method status="SKIP" signature="qukuan_test()[pri:0, instance:com.test.Qukuan_test@3c679bde]" name="qukuan_test" duration-ms="0" started-at="2019-12-12T16:10:19Z" finished-at="2019-12-12T16:10:19Z">
        </test-method> <!-- qukuan_test -->
        <test-method status="SKIP" signature="teardowm()[pri:0, instance:com.test.Qukuan_test@3c679bde]" name="teardowm" is-config="true" duration-ms="0" started-at="2019-12-12T16:10:19Z" finished-at="2019-12-12T16:10:19Z">
        </test-method> <!-- teardowm -->
      </class> <!-- com.test.Qukuan_test -->
      <class name="com.test.Personal_test">
        <test-method status="SKIP" signature="setup()[pri:0, instance:com.test.Personal_test@424c0bc4]" name="setup" is-config="true" duration-ms="0" started-at="2019-12-12T16:10:19Z" finished-at="2019-12-12T16:10:19Z">
        </test-method> <!-- setup -->
        <test-method status="SKIP" signature="teardowm()[pri:0, instance:com.test.Personal_test@424c0bc4]" name="teardowm" is-config="true" duration-ms="0" started-at="2019-12-12T16:10:19Z" finished-at="2019-12-12T16:10:19Z">
        </test-method> <!-- teardowm -->
        <test-method status="SKIP" signature="personal_test()[pri:0, instance:com.test.Personal_test@424c0bc4]" name="personal_test" duration-ms="0" started-at="2019-12-12T16:10:19Z" finished-at="2019-12-12T16:10:19Z">
        </test-method> <!-- personal_test -->
      </class> <!-- com.test.Personal_test -->
    </test> <!-- Test111 -->
  </suite> <!-- Suite -->
</testng-results>
