<?xml version="1.0" encoding="UTF-8"?>
<!-- Generated by org.testng.reporters.JUnitXMLReporter -->
<testsuite hostname="LAPTOP-2MUJQHVS" name="Test111" tests="4" failures="0" timestamp="12 Dec 2019 07:58:04 GMT" time="51.419" errors="0">
  <testcase name="login_test" time="3.854" classname="com.test.Login_test"/>
  <testcase name="cunkuanTest" time="10.181" classname="com.test.Cunkuan_test"/>
  <testcase name="qukuan_test" time="13.283" classname="com.test.Qukuan_test"/>
  <testcase name="personal_test" time="7.768" classname="com.test.Personal_test"/>
</testsuite> <!-- Test111 -->
